============================= test session starts =============================
platform win32 -- Python 3.13.12, pytest-9.0.2, pluggy-1.6.0
rootdir: C:\RecruitBrain_Project\interviewer_basic
plugins: anyio-4.12.1, langsmith-0.7.9
collected 0 items / 1 error

=================================== ERRORS ====================================
_______________ ERROR collecting tests/test_interview_logic.py ________________
ImportError while importing test module 'C:\RecruitBrain_Project\interviewer_basic\tests\test_interview_logic.py'.
Hint: make sure your test modules/packages have valid Python names.
Traceback:
C:\Program Files\WindowsApps\PythonSoftwareFoundation.Python.3.13_3.13.3312.0_x64__qbz5n2kfra8p0\Lib\importlib\__init__.py:88: in import_module
    return _bootstrap._gcd_import(name[level:], package, level)
           ^^^^^^^^^^^^^^^^^^^^^^^^^^^^^^^^^^^^^^^^^^^^^^^^^^^^
tests\test_interview_logic.py:11: in <module>
    from app.services.interviewer import (
app\services\interviewer.py:14: in <module>
    from app.database.connection import DatabaseConnection
app\database\connection.py:8: in <module>
    import asyncpg
E   ModuleNotFoundError: No module named 'asyncpg'
============================== warnings summary ===============================
..\..\Users\ADMIN\AppData\Local\Packages\PythonSoftwareFoundation.Python.3.13_qbz5n2kfra8p0\LocalCache\local-packages\Python313\site-packages\PyPDF2\__init__.py:21
  C:\Users\ADMIN\AppData\Local\Packages\PythonSoftwareFoundation.Python.3.13_qbz5n2kfra8p0\LocalCache\local-packages\Python313\site-packages\PyPDF2\__init__.py:21: DeprecationWarning: PyPDF2 is deprecated. Please move to the pypdf library instead.
    warnings.warn(

-- Docs: https://docs.pytest.org/en/stable/how-to/capture-warnings.html
=========================== short test summary info ===========================
ERROR tests/test_interview_logic.py
!!!!!!!!!!!!!!!!!!! Interrupted: 1 error during collection !!!!!!!!!!!!!!!!!!!!
========================= 1 warning, 1 error in 1.42s =========================
